<?xml version="1.0" encoding="utf-8"?><testsuites name="pytest tests"><testsuite name="pytest" errors="0" failures="0" skipped="0" tests="30" time="8.583" timestamp="2026-05-02T17:53:07.648526+00:00" hostname="agent-env-fe1cc43a-d99d-4f28-bf5f-15e36c30d51d"><testcase classname="backend.tests.backend_test" name="test_login_admin" time="0.376" /><testcase classname="backend.tests.backend_test" name="test_login_tech_specialty" time="0.674" /><testcase classname="backend.tests.backend_test" name="test_login_bad" time="0.334" /><testcase classname="backend.tests.backend_test" name="test_create_tech_requires_specialty" time="0.436" /><testcase classname="backend.tests.backend_test" name="test_create_tech_with_specialty" time="0.464" /><testcase classname="backend.tests.backend_test" name="test_admin_user_no_specialty" time="0.449" /><testcase classname="backend.tests.backend_test" name="test_questions_admin_sees_all_categories" time="0.129" /><testcase classname="backend.tests.backend_test" name="test_questions_electrical_tech_filter" time="0.442" /><testcase classname="backend.tests.backend_test" name="test_questions_mechanical_tech_filter" time="0.444" /><testcase classname="backend.tests.backend_test" name="test_questions_filter_param_blocked_for_other_specialty" time="0.121" /><testcase classname="backend.tests.backend_test" name="test_panels_seeded_listed" time="0.109" /><testcase classname="backend.tests.backend_test" name="test_panels_tech_cannot_create" time="0.146" /><testcase classname="backend.tests.backend_test" name="test_panels_admin_crud" time="0.573" /><testcase classname="backend.tests.backend_test" name="test_chillers_listed" time="0.116" /><testcase classname="backend.tests.backend_test" name="test_elec_can_post_electrical" time="0.500" /><testcase classname="backend.tests.backend_test" name="test_elec_can_post_panels" time="0.445" /><testcase classname="backend.tests.backend_test" name="test_elec_cannot_post_mechanical" time="0.119" /><testcase classname="backend.tests.backend_test" name="test_elec_cannot_post_chiller" time="0.216" /><testcase classname="backend.tests.backend_test" name="test_mech_can_post_mechanical" time="0.330" /><testcase classname="backend.tests.backend_test" name="test_mech_can_post_chiller" time="0.367" /><testcase classname="backend.tests.backend_test" name="test_mech_cannot_post_electrical" time="0.118" /><testcase classname="backend.tests.backend_test" name="test_mech_cannot_post_panels" time="0.101" /><testcase classname="backend.tests.backend_test" name="test_inspection_target_category_mismatch" time="0.112" /><testcase classname="backend.tests.backend_test" name="test_filter_by_target_type" time="0.331" /><testcase classname="backend.tests.backend_test" name="test_filter_by_category" time="0.113" /><testcase classname="backend.tests.backend_test" name="test_filter_by_target_number" time="0.106" /><testcase classname="backend.tests.backend_test" name="test_filter_by_technician" time="0.112" /><testcase classname="backend.tests.backend_test" name="test_filter_by_date" time="0.115" /><testcase classname="backend.tests.backend_test" name="test_csv_export_includes_panel" time="0.131" /><testcase classname="backend.tests.backend_test" name="test_stats_overview_total_panels" time="0.460" /></testsuite></testsuites>