<?xml version="1.0" encoding="utf-8"?><testsuites name="pytest tests"><testsuite name="pytest" errors="0" failures="0" skipped="0" tests="22" time="6.174" timestamp="2026-05-02T16:08:03.632797+00:00" hostname="agent-env-fe1cc43a-d99d-4f28-bf5f-15e36c30d51d"><testcase classname="backend.tests.backend_test" name="test_login_admin" time="0.503" /><testcase classname="backend.tests.backend_test" name="test_login_tech" time="0.369" /><testcase classname="backend.tests.backend_test" name="test_login_bad" time="0.362" /><testcase classname="backend.tests.backend_test" name="test_me" time="0.504" /><testcase classname="backend.tests.backend_test" name="test_list_users_admin" time="0.177" /><testcase classname="backend.tests.backend_test" name="test_list_users_tech_forbidden" time="0.486" /><testcase classname="backend.tests.backend_test" name="test_user_crud" time="0.545" /><testcase classname="backend.tests.backend_test" name="test_list_machines" time="0.146" /><testcase classname="backend.tests.backend_test" name="test_machine_create_tech_forbidden" time="0.507" /><testcase classname="backend.tests.backend_test" name="test_machine_patch" time="0.247" /><testcase classname="backend.tests.backend_test" name="test_questions_seeded" time="0.119" /><testcase classname="backend.tests.backend_test" name="test_question_crud" time="0.330" /><testcase classname="backend.tests.backend_test" name="test_question_create_tech_forbidden" time="0.113" /><testcase classname="backend.tests.backend_test" name="test_tech_sees_only_own" time="0.326" /><testcase classname="backend.tests.backend_test" name="test_admin_sees_all" time="0.107" /><testcase classname="backend.tests.backend_test" name="test_inspection_filter_machine" time="0.213" /><testcase classname="backend.tests.backend_test" name="test_get_inspection_by_id" time="0.137" /><testcase classname="backend.tests.backend_test" name="test_export_csv_admin" time="0.118" /><testcase classname="backend.tests.backend_test" name="test_export_csv_tech_forbidden" time="0.127" /><testcase classname="backend.tests.backend_test" name="test_export_pdf_admin" time="0.130" /><testcase classname="backend.tests.backend_test" name="test_stats_admin" time="0.131" /><testcase classname="backend.tests.backend_test" name="test_stats_tech_forbidden" time="0.343" /></testsuite></testsuites>